\BOOKMARK [0][-]{chapter.1}{\376\377\0001\000\040\000H\000i\000e\000r\000a\000r\000c\000h\000i\000c\000a\000l\000\040\000I\000n\000d\000e\000x}{}% 1
\BOOKMARK [1][-]{section.1.1}{\376\377\0001\000.\0001\000\040\000C\000l\000a\000s\000s\000\040\000H\000i\000e\000r\000a\000r\000c\000h\000y}{chapter.1}% 2
\BOOKMARK [0][-]{chapter.2}{\376\377\0002\000\040\000C\000l\000a\000s\000s\000\040\000I\000n\000d\000e\000x}{}% 3
\BOOKMARK [1][-]{section.2.1}{\376\377\0002\000.\0001\000\040\000C\000l\000a\000s\000s\000\040\000L\000i\000s\000t}{chapter.2}% 4
\BOOKMARK [0][-]{chapter.3}{\376\377\0003\000\040\000F\000i\000l\000e\000\040\000I\000n\000d\000e\000x}{}% 5
\BOOKMARK [1][-]{section.3.1}{\376\377\0003\000.\0001\000\040\000F\000i\000l\000e\000\040\000L\000i\000s\000t}{chapter.3}% 6
\BOOKMARK [0][-]{chapter.4}{\376\377\0004\000\040\000C\000l\000a\000s\000s\000\040\000D\000o\000c\000u\000m\000e\000n\000t\000a\000t\000i\000o\000n}{}% 7
\BOOKMARK [1][-]{section.4.1}{\376\377\0004\000.\0001\000\040\000D\000i\000a\000l\000o\000g\000u\000e\000\040\000C\000l\000a\000s\000s\000\040\000R\000e\000f\000e\000r\000e\000n\000c\000e}{chapter.4}% 8
\BOOKMARK [2][-]{subsection.4.1.1}{\376\377\0004\000.\0001\000.\0001\000\040\000M\000e\000m\000b\000e\000r\000\040\000F\000u\000n\000c\000t\000i\000o\000n\000\040\000D\000o\000c\000u\000m\000e\000n\000t\000a\000t\000i\000o\000n}{section.4.1}% 9
\BOOKMARK [3][-]{subsubsection.4.1.1.1}{\376\377\0004\000.\0001\000.\0001\000.\0001\000\040\000D\000i\000s\000p\000l\000a\000y\000C\000o\000n\000v\000e\000r\000s\000a\000t\000i\000o\000n\000\050\000\051}{subsection.4.1.1}% 10
\BOOKMARK [3][-]{subsubsection.4.1.1.2}{\376\377\0004\000.\0001\000.\0001\000.\0002\000\040\000D\000i\000s\000p\000l\000a\000y\000P\000l\000a\000y\000e\000r\000C\000h\000o\000i\000c\000e\000s\000\050\000\051}{subsection.4.1.1}% 11
\BOOKMARK [3][-]{subsubsection.4.1.1.3}{\376\377\0004\000.\0001\000.\0001\000.\0003\000\040\000E\000v\000a\000l\000u\000a\000t\000e\000C\000o\000n\000d\000i\000t\000i\000o\000n\000\050\000\051}{subsection.4.1.1}% 12
\BOOKMARK [3][-]{subsubsection.4.1.1.4}{\376\377\0004\000.\0001\000.\0001\000.\0004\000\040\000E\000x\000i\000t\000D\000i\000a\000l\000o\000g\000u\000e\000\050\000\051}{subsection.4.1.1}% 13
\BOOKMARK [3][-]{subsubsection.4.1.1.5}{\376\377\0004\000.\0001\000.\0001\000.\0005\000\040\000F\000o\000l\000l\000o\000w\000R\000e\000d\000i\000r\000e\000c\000t\000s\000\050\000\051}{subsection.4.1.1}% 14
\BOOKMARK [3][-]{subsubsection.4.1.1.6}{\376\377\0004\000.\0001\000.\0001\000.\0006\000\040\000G\000e\000t\000D\000i\000a\000l\000o\000g\000u\000e\000V\000a\000r\000i\000a\000b\000l\000e\000\050\000\051}{subsection.4.1.1}% 15
\BOOKMARK [3][-]{subsubsection.4.1.1.7}{\376\377\0004\000.\0001\000.\0001\000.\0007\000\040\000G\000e\000t\000D\000i\000a\000l\000o\000g\000u\000e\000V\000a\000r\000i\000a\000b\000l\000e\000A\000s\000I\000n\000t\000\050\000\051}{subsection.4.1.1}% 16
\BOOKMARK [3][-]{subsubsection.4.1.1.8}{\376\377\0004\000.\0001\000.\0001\000.\0008\000\040\000I\000n\000t\000e\000r\000a\000c\000t\000\050\000\051}{subsection.4.1.1}% 17
\BOOKMARK [3][-]{subsubsection.4.1.1.9}{\376\377\0004\000.\0001\000.\0001\000.\0009\000\040\000L\000o\000a\000d\000T\000e\000x\000t\000A\000s\000s\000e\000t\000\050\000\051}{subsection.4.1.1}% 18
\BOOKMARK [3][-]{subsubsection.4.1.1.10}{\376\377\0004\000.\0001\000.\0001\000.\0001\0000\000\040\000P\000a\000r\000s\000e\000D\000i\000a\000l\000o\000g\000u\000e\000F\000i\000l\000e\000\050\000\051}{subsection.4.1.1}% 19
\BOOKMARK [3][-]{subsubsection.4.1.1.11}{\376\377\0004\000.\0001\000.\0001\000.\0001\0001\000\040\000P\000a\000r\000s\000e\000V\000a\000r\000i\000a\000b\000l\000e\000s\000A\000n\000d\000I\000n\000i\000t\000i\000a\000l\000i\000z\000e\000S\000e\000c\000t\000i\000o\000n\000s\000\050\000\051}{subsection.4.1.1}% 20
\BOOKMARK [3][-]{subsubsection.4.1.1.12}{\376\377\0004\000.\0001\000.\0001\000.\0001\0002\000\040\000P\000r\000o\000c\000e\000s\000s\000D\000i\000a\000l\000o\000g\000u\000e\000S\000e\000c\000t\000i\000o\000n\000s\000A\000n\000d\000C\000h\000o\000i\000c\000e\000s\000\050\000\051}{subsection.4.1.1}% 21
\BOOKMARK [3][-]{subsubsection.4.1.1.13}{\376\377\0004\000.\0001\000.\0001\000.\0001\0003\000\040\000S\000e\000t\000D\000i\000a\000l\000o\000g\000u\000e\000V\000a\000r\000i\000a\000b\000l\000e\000\050\000\051}{subsection.4.1.1}% 22
\BOOKMARK [3][-]{subsubsection.4.1.1.14}{\376\377\0004\000.\0001\000.\0001\000.\0001\0004\000\040\000S\000p\000l\000i\000t\000D\000i\000a\000l\000o\000g\000u\000e\000L\000i\000n\000e\000s\000\050\000\051}{subsection.4.1.1}% 23
\BOOKMARK [3][-]{subsubsection.4.1.1.15}{\376\377\0004\000.\0001\000.\0001\000.\0001\0005\000\040\000S\000t\000a\000r\000t\000\050\000\051}{subsection.4.1.1}% 24
\BOOKMARK [3][-]{subsubsection.4.1.1.16}{\376\377\0004\000.\0001\000.\0001\000.\0001\0006\000\040\000U\000p\000d\000a\000t\000e\000\050\000\051}{subsection.4.1.1}% 25
\BOOKMARK [2][-]{subsection.4.1.2}{\376\377\0004\000.\0001\000.\0002\000\040\000M\000e\000m\000b\000e\000r\000\040\000D\000a\000t\000a\000\040\000D\000o\000c\000u\000m\000e\000n\000t\000a\000t\000i\000o\000n}{section.4.1}% 26
\BOOKMARK [3][-]{subsubsection.4.1.2.1}{\376\377\0004\000.\0001\000.\0002\000.\0001\000\040\000b\000u\000t\000t\000o\000n\000L\000i\000s\000t}{subsection.4.1.2}% 27
\BOOKMARK [3][-]{subsubsection.4.1.2.2}{\376\377\0004\000.\0001\000.\0002\000.\0002\000\040\000c\000h\000o\000i\000c\000e\000B\000u\000t\000t\000o\000n\000P\000r\000e\000f\000a\000b}{subsection.4.1.2}% 28
\BOOKMARK [3][-]{subsubsection.4.1.2.3}{\376\377\0004\000.\0001\000.\0002\000.\0003\000\040\000c\000h\000o\000i\000c\000e\000B\000u\000t\000t\000o\000n\000s}{subsection.4.1.2}% 29
\BOOKMARK [3][-]{subsubsection.4.1.2.4}{\376\377\0004\000.\0001\000.\0002\000.\0004\000\040\000c\000u\000r\000s\000o\000r\000\137\000p\000r\000e\000v\000i\000o\000u\000s\000L\000o\000c\000k\000M\000o\000d\000e}{subsection.4.1.2}% 30
\BOOKMARK [3][-]{subsubsection.4.1.2.5}{\376\377\0004\000.\0001\000.\0002\000.\0005\000\040\000c\000u\000r\000s\000o\000r\000\137\000p\000r\000e\000v\000i\000o\000u\000s\000V\000i\000s\000i\000b\000l\000e}{subsection.4.1.2}% 31
\BOOKMARK [3][-]{subsubsection.4.1.2.6}{\376\377\0004\000.\0001\000.\0002\000.\0006\000\040\000d\000i\000a\000l\000o\000g\000u\000e}{subsection.4.1.2}% 32
\BOOKMARK [3][-]{subsubsection.4.1.2.7}{\376\377\0004\000.\0001\000.\0002\000.\0007\000\040\000d\000i\000a\000l\000o\000g\000u\000e\000\137\000d\000i\000c\000t}{subsection.4.1.2}% 33
\BOOKMARK [3][-]{subsubsection.4.1.2.8}{\376\377\0004\000.\0001\000.\0002\000.\0008\000\040\000d\000i\000a\000l\000o\000g\000u\000e\000\137\000f\000i\000l\000e\000\137\000n\000a\000m\000e}{subsection.4.1.2}% 34
\BOOKMARK [3][-]{subsubsection.4.1.2.9}{\376\377\0004\000.\0001\000.\0002\000.\0009\000\040\000d\000i\000a\000l\000o\000g\000u\000e\000\137\000n\000p\000c\000N\000a\000m\000e}{subsection.4.1.2}% 35
\BOOKMARK [3][-]{subsubsection.4.1.2.10}{\376\377\0004\000.\0001\000.\0002\000.\0001\0000\000\040\000d\000i\000a\000l\000o\000g\000u\000e\000\137\000n\000p\000c\000T\000e\000x\000t}{subsection.4.1.2}% 36
\BOOKMARK [3][-]{subsubsection.4.1.2.11}{\376\377\0004\000.\0001\000.\0002\000.\0001\0001\000\040\000d\000m}{subsection.4.1.2}% 37
\BOOKMARK [3][-]{subsubsection.4.1.2.12}{\376\377\0004\000.\0001\000.\0002\000.\0001\0002\000\040\000i\000s\000I\000n\000D\000i\000a\000l\000o\000g\000u\000e}{subsection.4.1.2}% 38
\BOOKMARK [3][-]{subsubsection.4.1.2.13}{\376\377\0004\000.\0001\000.\0002\000.\0001\0003\000\040\000l\000e\000t\000t\000e\000r\000D\000e\000l\000a\000y}{subsection.4.1.2}% 39
\BOOKMARK [3][-]{subsubsection.4.1.2.14}{\376\377\0004\000.\0001\000.\0002\000.\0001\0004\000\040\000l\000e\000t\000t\000e\000r\000S\000p\000e\000e\000d\000M\000u\000l\000t\000i\000p\000l\000i\000e\000r}{subsection.4.1.2}% 40
\BOOKMARK [3][-]{subsubsection.4.1.2.15}{\376\377\0004\000.\0001\000.\0002\000.\0001\0005\000\040\000n\000p\000c\000\137\000d\000i\000s\000p\000l\000a\000y\000\137\000n\000a\000m\000e}{subsection.4.1.2}% 41
\BOOKMARK [3][-]{subsubsection.4.1.2.16}{\376\377\0004\000.\0001\000.\0002\000.\0001\0006\000\040\000o\000n\000I\000n\000v\000o\000k\000e}{subsection.4.1.2}% 42
\BOOKMARK [3][-]{subsubsection.4.1.2.17}{\376\377\0004\000.\0001\000.\0002\000.\0001\0007\000\040\000s\000e\000n\000t\000e\000n\000c\000e\000D\000e\000l\000a\000y}{subsection.4.1.2}% 43
\BOOKMARK [3][-]{subsubsection.4.1.2.18}{\376\377\0004\000.\0001\000.\0002\000.\0001\0008\000\040\000u\000n\000i\000f\000o\000r\000m\000s\000C\000h\000a\000n\000g\000e\000d}{subsection.4.1.2}% 44
\BOOKMARK [3][-]{subsubsection.4.1.2.19}{\376\377\0004\000.\0001\000.\0002\000.\0001\0009\000\040\000u\000n\000i\000f\000o\000r\000m\000V\000a\000r\000i\000a\000b\000l\000e\000s}{subsection.4.1.2}% 45
\BOOKMARK [3][-]{subsubsection.4.1.2.20}{\376\377\0004\000.\0001\000.\0002\000.\0002\0000\000\040\000u\000n\000i\000f\000o\000r\000m\000V\000a\000r\000i\000a\000b\000l\000e\000s\000A\000l\000r\000e\000a\000d\000y\000D\000e\000f\000i\000n\000e\000d}{subsection.4.1.2}% 46
\BOOKMARK [1][-]{section.4.2}{\376\377\0004\000.\0002\000\040\000D\000i\000a\000l\000o\000g\000u\000e\000C\000h\000o\000i\000c\000e\000\040\000C\000l\000a\000s\000s\000\040\000R\000e\000f\000e\000r\000e\000n\000c\000e}{chapter.4}% 47
\BOOKMARK [2][-]{subsection.4.2.1}{\376\377\0004\000.\0002\000.\0001\000\040\000D\000e\000t\000a\000i\000l\000e\000d\000\040\000D\000e\000s\000c\000r\000i\000p\000t\000i\000o\000n}{section.4.2}% 48
\BOOKMARK [2][-]{subsection.4.2.2}{\376\377\0004\000.\0002\000.\0002\000\040\000P\000r\000o\000p\000e\000r\000t\000y\000\040\000D\000o\000c\000u\000m\000e\000n\000t\000a\000t\000i\000o\000n}{section.4.2}% 49
\BOOKMARK [3][-]{subsubsection.4.2.2.1}{\376\377\0004\000.\0002\000.\0002\000.\0001\000\040\000N\000e\000x\000t\000H\000e\000a\000d\000e\000r}{subsection.4.2.2}% 50
\BOOKMARK [3][-]{subsubsection.4.2.2.2}{\376\377\0004\000.\0002\000.\0002\000.\0002\000\040\000T\000e\000x\000t}{subsection.4.2.2}% 51
\BOOKMARK [1][-]{section.4.3}{\376\377\0004\000.\0003\000\040\000D\000i\000a\000l\000o\000g\000u\000e\000M\000a\000n\000a\000g\000e\000r\000\040\000C\000l\000a\000s\000s\000\040\000R\000e\000f\000e\000r\000e\000n\000c\000e}{chapter.4}% 52
\BOOKMARK [2][-]{subsection.4.3.1}{\376\377\0004\000.\0003\000.\0001\000\040\000M\000e\000m\000b\000e\000r\000\040\000F\000u\000n\000c\000t\000i\000o\000n\000\040\000D\000o\000c\000u\000m\000e\000n\000t\000a\000t\000i\000o\000n}{section.4.3}% 53
\BOOKMARK [3][-]{subsubsection.4.3.1.1}{\376\377\0004\000.\0003\000.\0001\000.\0001\000\040\000A\000w\000a\000k\000e\000\050\000\051}{subsection.4.3.1}% 54
\BOOKMARK [3][-]{subsubsection.4.3.1.2}{\376\377\0004\000.\0003\000.\0001\000.\0002\000\040\000G\000e\000t\000I\000n\000s\000t\000a\000n\000c\000e\000\050\000\051}{subsection.4.3.1}% 55
\BOOKMARK [2][-]{subsection.4.3.2}{\376\377\0004\000.\0003\000.\0002\000\040\000M\000e\000m\000b\000e\000r\000\040\000D\000a\000t\000a\000\040\000D\000o\000c\000u\000m\000e\000n\000t\000a\000t\000i\000o\000n}{section.4.3}% 56
\BOOKMARK [3][-]{subsubsection.4.3.2.1}{\376\377\0004\000.\0003\000.\0002\000.\0001\000\040\000c\000h\000o\000i\000c\000e\000B\000u\000t\000t\000o\000n\000P\000r\000e\000f\000a\000b}{subsection.4.3.2}% 57
\BOOKMARK [3][-]{subsubsection.4.3.2.2}{\376\377\0004\000.\0003\000.\0002\000.\0002\000\040\000c\000h\000o\000i\000c\000e\000B\000u\000t\000t\000o\000n\000s\000O\000b\000j\000e\000c\000t}{subsection.4.3.2}% 58
\BOOKMARK [3][-]{subsubsection.4.3.2.3}{\376\377\0004\000.\0003\000.\0002\000.\0003\000\040\000d\000i\000a\000l\000o\000g\000u\000e\000O\000b\000j\000e\000c\000t}{subsection.4.3.2}% 59
\BOOKMARK [3][-]{subsubsection.4.3.2.4}{\376\377\0004\000.\0003\000.\0002\000.\0004\000\040\000d\000i\000a\000l\000o\000g\000u\000e\000T\000e\000x\000t}{subsection.4.3.2}% 60
\BOOKMARK [3][-]{subsubsection.4.3.2.5}{\376\377\0004\000.\0003\000.\0002\000.\0005\000\040\000i\000n\000s\000t\000a\000n\000c\000e}{subsection.4.3.2}% 61
\BOOKMARK [3][-]{subsubsection.4.3.2.6}{\376\377\0004\000.\0003\000.\0002\000.\0006\000\040\000l\000e\000t\000t\000e\000r\000D\000e\000l\000a\000y}{subsection.4.3.2}% 62
\BOOKMARK [3][-]{subsubsection.4.3.2.7}{\376\377\0004\000.\0003\000.\0002\000.\0007\000\040\000l\000e\000t\000t\000e\000r\000S\000p\000e\000e\000d\000M\000u\000l\000t\000i\000p\000l\000i\000e\000r}{subsection.4.3.2}% 63
\BOOKMARK [3][-]{subsubsection.4.3.2.8}{\376\377\0004\000.\0003\000.\0002\000.\0008\000\040\000n\000p\000c\000N\000a\000m\000e\000T\000e\000x\000t}{subsection.4.3.2}% 64
\BOOKMARK [3][-]{subsubsection.4.3.2.9}{\376\377\0004\000.\0003\000.\0002\000.\0009\000\040\000s\000e\000n\000t\000e\000n\000c\000e\000D\000e\000l\000a\000y}{subsection.4.3.2}% 65
\BOOKMARK [1][-]{section.4.4}{\376\377\0004\000.\0004\000\040\000D\000i\000a\000l\000o\000g\000u\000e\000S\000e\000c\000t\000i\000o\000n\000\040\000C\000l\000a\000s\000s\000\040\000R\000e\000f\000e\000r\000e\000n\000c\000e}{chapter.4}% 66
\BOOKMARK [2][-]{subsection.4.4.1}{\376\377\0004\000.\0004\000.\0001\000\040\000D\000e\000t\000a\000i\000l\000e\000d\000\040\000D\000e\000s\000c\000r\000i\000p\000t\000i\000o\000n}{section.4.4}% 67
\BOOKMARK [2][-]{subsection.4.4.2}{\376\377\0004\000.\0004\000.\0002\000\040\000P\000r\000o\000p\000e\000r\000t\000y\000\040\000D\000o\000c\000u\000m\000e\000n\000t\000a\000t\000i\000o\000n}{section.4.4}% 68
\BOOKMARK [3][-]{subsubsection.4.4.2.1}{\376\377\0004\000.\0004\000.\0002\000.\0001\000\040\000C\000h\000o\000i\000c\000e\000s}{subsection.4.4.2}% 69
\BOOKMARK [3][-]{subsubsection.4.4.2.2}{\376\377\0004\000.\0004\000.\0002\000.\0002\000\040\000H\000e\000a\000d\000e\000r}{subsection.4.4.2}% 70
\BOOKMARK [3][-]{subsubsection.4.4.2.3}{\376\377\0004\000.\0004\000.\0002\000.\0003\000\040\000L\000i\000n\000e\000s}{subsection.4.4.2}% 71
\BOOKMARK [3][-]{subsubsection.4.4.2.4}{\376\377\0004\000.\0004\000.\0002\000.\0004\000\040\000R\000e\000d\000i\000r\000e\000c\000t}{subsection.4.4.2}% 72
\BOOKMARK [1][-]{section.4.5}{\376\377\0004\000.\0005\000\040\000U\000n\000i\000f\000o\000r\000m\000V\000a\000r\000i\000a\000b\000l\000e\000s\000\040\000C\000l\000a\000s\000s\000\040\000R\000e\000f\000e\000r\000e\000n\000c\000e}{chapter.4}% 73
\BOOKMARK [2][-]{subsection.4.5.1}{\376\377\0004\000.\0005\000.\0001\000\040\000D\000e\000t\000a\000i\000l\000e\000d\000\040\000D\000e\000s\000c\000r\000i\000p\000t\000i\000o\000n}{section.4.5}% 74
\BOOKMARK [2][-]{subsection.4.5.2}{\376\377\0004\000.\0005\000.\0002\000\040\000C\000o\000n\000s\000t\000r\000u\000c\000t\000o\000r\000\040\000\046\000\040\000D\000e\000s\000t\000r\000u\000c\000t\000o\000r\000\040\000D\000o\000c\000u\000m\000e\000n\000t\000a\000t\000i\000o\000n}{section.4.5}% 75
\BOOKMARK [3][-]{subsubsection.4.5.2.1}{\376\377\0004\000.\0005\000.\0002\000.\0001\000\040\000U\000n\000i\000f\000o\000r\000m\000V\000a\000r\000i\000a\000b\000l\000e\000s\000\050\000\051}{subsection.4.5.2}% 76
\BOOKMARK [2][-]{subsection.4.5.3}{\376\377\0004\000.\0005\000.\0003\000\040\000M\000e\000m\000b\000e\000r\000\040\000F\000u\000n\000c\000t\000i\000o\000n\000\040\000D\000o\000c\000u\000m\000e\000n\000t\000a\000t\000i\000o\000n}{section.4.5}% 77
\BOOKMARK [3][-]{subsubsection.4.5.3.1}{\376\377\0004\000.\0005\000.\0003\000.\0001\000\040\000G\000e\000t\000V\000a\000r\000i\000a\000b\000l\000e\000\050\000\051}{subsection.4.5.3}% 78
\BOOKMARK [3][-]{subsubsection.4.5.3.2}{\376\377\0004\000.\0005\000.\0003\000.\0002\000\040\000S\000e\000t\000V\000a\000r\000i\000a\000b\000l\000e\000\050\000\051}{subsection.4.5.3}% 79
\BOOKMARK [2][-]{subsection.4.5.4}{\376\377\0004\000.\0005\000.\0004\000\040\000P\000r\000o\000p\000e\000r\000t\000y\000\040\000D\000o\000c\000u\000m\000e\000n\000t\000a\000t\000i\000o\000n}{section.4.5}% 80
\BOOKMARK [3][-]{subsubsection.4.5.4.1}{\376\377\0004\000.\0005\000.\0004\000.\0001\000\040\000V\000a\000r\000i\000a\000b\000l\000e\000s}{subsection.4.5.4}% 81
\BOOKMARK [0][-]{chapter.5}{\376\377\0005\000\040\000F\000i\000l\000e\000\040\000D\000o\000c\000u\000m\000e\000n\000t\000a\000t\000i\000o\000n}{}% 82
\BOOKMARK [1][-]{section.5.1}{\376\377\0005\000.\0001\000\040\000D\000i\000a\000l\000o\000g\000u\000e\000\040\000L\000a\000n\000g\000/\000A\000s\000s\000e\000t\000s\000/\000S\000c\000r\000i\000p\000t\000s\000/\000D\000i\000a\000l\000o\000g\000u\000e\000.\000c\000s\000\040\000F\000i\000l\000e\000\040\000R\000e\000f\000e\000r\000e\000n\000c\000e}{chapter.5}% 83
\BOOKMARK [1][-]{section.5.2}{\376\377\0005\000.\0002\000\040\000D\000i\000a\000l\000o\000g\000u\000e\000\040\000L\000a\000n\000g\000/\000A\000s\000s\000e\000t\000s\000/\000S\000c\000r\000i\000p\000t\000s\000/\000D\000i\000a\000l\000o\000g\000u\000e\000M\000a\000n\000a\000g\000e\000r\000.\000c\000s\000\040\000F\000i\000l\000e\000\040\000R\000e\000f\000e\000r\000e\000n\000c\000e}{chapter.5}% 84
\BOOKMARK [0][-]{section*.18}{\376\377\000I\000n\000d\000e\000x}{}% 85
